<?xml version="1.0" encoding="UTF-8"?>
<testng-results ignored="0" total="1" passed="1" failed="0" skipped="0">
  <reporter-output>
  </reporter-output>
  <suite started-at="2024-02-19T20:05:32 IST" name="Default suite" finished-at="2024-02-19T20:05:35 IST" duration-ms="2244">
    <groups>
    </groups>
    <test started-at="2024-02-19T20:05:32 IST" name="Default test" finished-at="2024-02-19T20:05:35 IST" duration-ms="2244">
      <class name="GetRequest.Get_single_user$Get1">
        <test-method signature="getIrD()[pri:0, instance:GetRequest.Get_single_user$Get1@78e4deb0]" started-at="2024-02-19T20:05:32 IST" name="getIrD" finished-at="2024-02-19T20:05:35 IST" duration-ms="2180" status="PASS">
          <reporter-output>
          </reporter-output>
        </test-method> <!-- getIrD -->
      </class> <!-- GetRequest.Get_single_user$Get1 -->
    </test> <!-- Default test -->
  </suite> <!-- Default suite -->
</testng-results>
